Analysis & Elaboration report for RISC_V_Single_Cycle
Sat Oct 30 16:45:22 2021
Quartus Prime Version 20.1.1 Build 720 11/11/2020 SJ Lite Edition


---------------------
; Table of Contents ;
---------------------
  1. Legal Notice
  2. Analysis & Elaboration Summary
  3. Parallel Compilation
  4. Parameter Settings for User Entity Instance: Top-level Entity: |RISC_V_Single_Cycle
  5. Parameter Settings for User Entity Instance: PC_Register:PROGRAM_COUNTER
  6. Parameter Settings for User Entity Instance: Program_Memory:PROGRAM_MEMORY
  7. Parameter Settings for User Entity Instance: Adder_32_Bits:PC_PLUS_4
  8. Parameter Settings for User Entity Instance: Multiplexer_2_to_1:MUX_Adder_PC_RS_Immediate
  9. Parameter Settings for User Entity Instance: Adder_32_Bits:PC_PLUS_I
 10. Parameter Settings for User Entity Instance: Multiplexer_2_to_1:MUX_DATA_PC
 11. Parameter Settings for User Entity Instance: Register_File:REGISTER_FILE_UNIT
 12. Parameter Settings for User Entity Instance: Register_File:REGISTER_FILE_UNIT|Register:Register_zero
 13. Parameter Settings for User Entity Instance: Register_File:REGISTER_FILE_UNIT|Register:Register_ra
 14. Parameter Settings for User Entity Instance: Register_File:REGISTER_FILE_UNIT|Register:Register_sp
 15. Parameter Settings for User Entity Instance: Register_File:REGISTER_FILE_UNIT|Register:Register_gp
 16. Parameter Settings for User Entity Instance: Register_File:REGISTER_FILE_UNIT|Register:Register_tp
 17. Parameter Settings for User Entity Instance: Register_File:REGISTER_FILE_UNIT|Register:Register_t0
 18. Parameter Settings for User Entity Instance: Register_File:REGISTER_FILE_UNIT|Register:Register_t1
 19. Parameter Settings for User Entity Instance: Register_File:REGISTER_FILE_UNIT|Register:Register_t2
 20. Parameter Settings for User Entity Instance: Register_File:REGISTER_FILE_UNIT|Register:Register_s0_fp
 21. Parameter Settings for User Entity Instance: Register_File:REGISTER_FILE_UNIT|Register:Register_s1
 22. Parameter Settings for User Entity Instance: Register_File:REGISTER_FILE_UNIT|Register:Register_a0
 23. Parameter Settings for User Entity Instance: Register_File:REGISTER_FILE_UNIT|Register:Register_a1
 24. Parameter Settings for User Entity Instance: Register_File:REGISTER_FILE_UNIT|Register:Register_a2
 25. Parameter Settings for User Entity Instance: Register_File:REGISTER_FILE_UNIT|Register:Register_a3
 26. Parameter Settings for User Entity Instance: Register_File:REGISTER_FILE_UNIT|Register:Register_a4
 27. Parameter Settings for User Entity Instance: Register_File:REGISTER_FILE_UNIT|Register:Register_a5
 28. Parameter Settings for User Entity Instance: Register_File:REGISTER_FILE_UNIT|Register:Register_a6
 29. Parameter Settings for User Entity Instance: Register_File:REGISTER_FILE_UNIT|Register:Register_a7
 30. Parameter Settings for User Entity Instance: Register_File:REGISTER_FILE_UNIT|Register:Register_s2
 31. Parameter Settings for User Entity Instance: Register_File:REGISTER_FILE_UNIT|Register:Register_s3
 32. Parameter Settings for User Entity Instance: Register_File:REGISTER_FILE_UNIT|Register:Register_s4
 33. Parameter Settings for User Entity Instance: Register_File:REGISTER_FILE_UNIT|Register:Register_s5
 34. Parameter Settings for User Entity Instance: Register_File:REGISTER_FILE_UNIT|Register:Register_s6
 35. Parameter Settings for User Entity Instance: Register_File:REGISTER_FILE_UNIT|Register:Register_s7
 36. Parameter Settings for User Entity Instance: Register_File:REGISTER_FILE_UNIT|Register:Register_s8
 37. Parameter Settings for User Entity Instance: Register_File:REGISTER_FILE_UNIT|Register:Register_s9
 38. Parameter Settings for User Entity Instance: Register_File:REGISTER_FILE_UNIT|Register:Register_s10
 39. Parameter Settings for User Entity Instance: Register_File:REGISTER_FILE_UNIT|Register:Register_s11
 40. Parameter Settings for User Entity Instance: Register_File:REGISTER_FILE_UNIT|Register:Register_t3
 41. Parameter Settings for User Entity Instance: Register_File:REGISTER_FILE_UNIT|Register:Register_t4
 42. Parameter Settings for User Entity Instance: Register_File:REGISTER_FILE_UNIT|Register:Register_t5
 43. Parameter Settings for User Entity Instance: Register_File:REGISTER_FILE_UNIT|Register:Register_t6
 44. Parameter Settings for User Entity Instance: Register_File:REGISTER_FILE_UNIT|MUXRegisterFile:MUXRegister1
 45. Parameter Settings for User Entity Instance: Register_File:REGISTER_FILE_UNIT|MUXRegisterFile:MUXRegister2
 46. Parameter Settings for User Entity Instance: Multiplexer_2_to_1:MUX_DATA_OR_IMM_FOR_ALU
 47. Parameter Settings for User Entity Instance: Data_Memory:Data_Memory
 48. Parameter Settings for User Entity Instance: Multiplexer_2_to_1:MUX_DATA_WB
 49. Parameter Settings for User Entity Instance: Multiplexer_2_to_1:MUX_PC_RD1
 50. Analysis & Elaboration Settings
 51. Port Connectivity Checks: "Register_File:REGISTER_FILE_UNIT|Register:Register_zero"
 52. Port Connectivity Checks: "Adder_32_Bits:PC_PLUS_4"
 53. Analysis & Elaboration Messages



----------------
; Legal Notice ;
----------------
Copyright (C) 2020  Intel Corporation. All rights reserved.
Your use of Intel Corporation's design tools, logic functions 
and other software and tools, and any partner logic 
functions, and any output files from any of the foregoing 
(including device programming or simulation files), and any 
associated documentation or information are expressly subject 
to the terms and conditions of the Intel Program License 
Subscription Agreement, the Intel Quartus Prime License Agreement,
the Intel FPGA IP License Agreement, or other applicable license
agreement, including, without limitation, that your use is for
the sole purpose of programming logic devices manufactured by
Intel and sold by Intel or its authorized distributors.  Please
refer to the applicable agreement for further details, at
https://fpgasoftware.intel.com/eula.



+----------------------------------------------------------------------------------+
; Analysis & Elaboration Summary                                                   ;
+------------------------------------+---------------------------------------------+
; Analysis & Elaboration Status      ; Successful - Sat Oct 30 16:45:22 2021       ;
; Quartus Prime Version              ; 20.1.1 Build 720 11/11/2020 SJ Lite Edition ;
; Revision Name                      ; RISC_V_Single_Cycle                         ;
; Top-level Entity Name              ; RISC_V_Single_Cycle                         ;
; Family                             ; MAX 10                                      ;
; Total logic elements               ; N/A until Partition Merge                   ;
;     Total combinational functions  ; N/A until Partition Merge                   ;
;     Dedicated logic registers      ; N/A until Partition Merge                   ;
; Total registers                    ; N/A until Partition Merge                   ;
; Total pins                         ; N/A until Partition Merge                   ;
; Total virtual pins                 ; N/A until Partition Merge                   ;
; Total memory bits                  ; N/A until Partition Merge                   ;
; Embedded Multiplier 9-bit elements ; N/A until Partition Merge                   ;
; Total PLLs                         ; N/A until Partition Merge                   ;
; UFM blocks                         ; N/A until Partition Merge                   ;
; ADC blocks                         ; N/A until Partition Merge                   ;
+------------------------------------+---------------------------------------------+


+------------------------------------------+
; Parallel Compilation                     ;
+----------------------------+-------------+
; Processors                 ; Number      ;
+----------------------------+-------------+
; Number detected on machine ; 8           ;
; Maximum allowed            ; 4           ;
;                            ;             ;
; Average used               ; 1.00        ;
; Maximum used               ; 1           ;
;                            ;             ;
; Usage by Processor         ; % Time Used ;
;     Processor 1            ; 100.0%      ;
+----------------------------+-------------+


+-------------------------------------------------------------------------------------+
; Parameter Settings for User Entity Instance: Top-level Entity: |RISC_V_Single_Cycle ;
+----------------------+-------+------------------------------------------------------+
; Parameter Name       ; Value ; Type                                                 ;
+----------------------+-------+------------------------------------------------------+
; PROGRAM_MEMORY_DEPTH ; 256   ; Signed Integer                                       ;
; DATA_WIDTH           ; 32    ; Signed Integer                                       ;
; DATA_MEMORY_DEPTH    ; 256   ; Signed Integer                                       ;
+----------------------+-------+------------------------------------------------------+
Note: In order to hide this table in the UI and the text report file, please set the "Show Parameter Settings in Synthesis Report" option in "Analysis and Synthesis Settings -> More Settings" to "Off".


+--------------------------------------------------------------------------+
; Parameter Settings for User Entity Instance: PC_Register:PROGRAM_COUNTER ;
+----------------+-------+-------------------------------------------------+
; Parameter Name ; Value ; Type                                            ;
+----------------+-------+-------------------------------------------------+
; N              ; 32    ; Signed Integer                                  ;
+----------------+-------+-------------------------------------------------+
Note: In order to hide this table in the UI and the text report file, please set the "Show Parameter Settings in Synthesis Report" option in "Analysis and Synthesis Settings -> More Settings" to "Off".


+----------------------------------------------------------------------------+
; Parameter Settings for User Entity Instance: Program_Memory:PROGRAM_MEMORY ;
+----------------+-------+---------------------------------------------------+
; Parameter Name ; Value ; Type                                              ;
+----------------+-------+---------------------------------------------------+
; MEMORY_DEPTH   ; 256   ; Signed Integer                                    ;
; DATA_WIDTH     ; 32    ; Signed Integer                                    ;
+----------------+-------+---------------------------------------------------+
Note: In order to hide this table in the UI and the text report file, please set the "Show Parameter Settings in Synthesis Report" option in "Analysis and Synthesis Settings -> More Settings" to "Off".


+----------------------------------------------------------------------+
; Parameter Settings for User Entity Instance: Adder_32_Bits:PC_PLUS_4 ;
+----------------+-------+---------------------------------------------+
; Parameter Name ; Value ; Type                                        ;
+----------------+-------+---------------------------------------------+
; NBits          ; 32    ; Signed Integer                              ;
+----------------+-------+---------------------------------------------+
Note: In order to hide this table in the UI and the text report file, please set the "Show Parameter Settings in Synthesis Report" option in "Analysis and Synthesis Settings -> More Settings" to "Off".


+-------------------------------------------------------------------------------------------+
; Parameter Settings for User Entity Instance: Multiplexer_2_to_1:MUX_Adder_PC_RS_Immediate ;
+----------------+-------+------------------------------------------------------------------+
; Parameter Name ; Value ; Type                                                             ;
+----------------+-------+------------------------------------------------------------------+
; NBits          ; 32    ; Signed Integer                                                   ;
+----------------+-------+------------------------------------------------------------------+
Note: In order to hide this table in the UI and the text report file, please set the "Show Parameter Settings in Synthesis Report" option in "Analysis and Synthesis Settings -> More Settings" to "Off".


+----------------------------------------------------------------------+
; Parameter Settings for User Entity Instance: Adder_32_Bits:PC_PLUS_I ;
+----------------+-------+---------------------------------------------+
; Parameter Name ; Value ; Type                                        ;
+----------------+-------+---------------------------------------------+
; NBits          ; 32    ; Signed Integer                              ;
+----------------+-------+---------------------------------------------+
Note: In order to hide this table in the UI and the text report file, please set the "Show Parameter Settings in Synthesis Report" option in "Analysis and Synthesis Settings -> More Settings" to "Off".


+-----------------------------------------------------------------------------+
; Parameter Settings for User Entity Instance: Multiplexer_2_to_1:MUX_DATA_PC ;
+----------------+-------+----------------------------------------------------+
; Parameter Name ; Value ; Type                                               ;
+----------------+-------+----------------------------------------------------+
; NBits          ; 32    ; Signed Integer                                     ;
+----------------+-------+----------------------------------------------------+
Note: In order to hide this table in the UI and the text report file, please set the "Show Parameter Settings in Synthesis Report" option in "Analysis and Synthesis Settings -> More Settings" to "Off".


+-------------------------------------------------------------------------------+
; Parameter Settings for User Entity Instance: Register_File:REGISTER_FILE_UNIT ;
+----------------+-------+------------------------------------------------------+
; Parameter Name ; Value ; Type                                                 ;
+----------------+-------+------------------------------------------------------+
; N              ; 32    ; Signed Integer                                       ;
+----------------+-------+------------------------------------------------------+
Note: In order to hide this table in the UI and the text report file, please set the "Show Parameter Settings in Synthesis Report" option in "Analysis and Synthesis Settings -> More Settings" to "Off".


+------------------------------------------------------------------------------------------------------+
; Parameter Settings for User Entity Instance: Register_File:REGISTER_FILE_UNIT|Register:Register_zero ;
+----------------+-------+-----------------------------------------------------------------------------+
; Parameter Name ; Value ; Type                                                                        ;
+----------------+-------+-----------------------------------------------------------------------------+
; N              ; 32    ; Signed Integer                                                              ;
; initvalue      ; 0     ; Signed Integer                                                              ;
+----------------+-------+-----------------------------------------------------------------------------+
Note: In order to hide this table in the UI and the text report file, please set the "Show Parameter Settings in Synthesis Report" option in "Analysis and Synthesis Settings -> More Settings" to "Off".


+----------------------------------------------------------------------------------------------------+
; Parameter Settings for User Entity Instance: Register_File:REGISTER_FILE_UNIT|Register:Register_ra ;
+----------------+-------+---------------------------------------------------------------------------+
; Parameter Name ; Value ; Type                                                                      ;
+----------------+-------+---------------------------------------------------------------------------+
; N              ; 32    ; Signed Integer                                                            ;
; initvalue      ; 0     ; Signed Integer                                                            ;
+----------------+-------+---------------------------------------------------------------------------+
Note: In order to hide this table in the UI and the text report file, please set the "Show Parameter Settings in Synthesis Report" option in "Analysis and Synthesis Settings -> More Settings" to "Off".


+----------------------------------------------------------------------------------------------------+
; Parameter Settings for User Entity Instance: Register_File:REGISTER_FILE_UNIT|Register:Register_sp ;
+----------------+----------------------------------+------------------------------------------------+
; Parameter Name ; Value                            ; Type                                           ;
+----------------+----------------------------------+------------------------------------------------+
; N              ; 32                               ; Signed Integer                                 ;
; initvalue      ; 00010000000000010000001111111100 ; Unsigned Binary                                ;
+----------------+----------------------------------+------------------------------------------------+
Note: In order to hide this table in the UI and the text report file, please set the "Show Parameter Settings in Synthesis Report" option in "Analysis and Synthesis Settings -> More Settings" to "Off".


+----------------------------------------------------------------------------------------------------+
; Parameter Settings for User Entity Instance: Register_File:REGISTER_FILE_UNIT|Register:Register_gp ;
+----------------+-------+---------------------------------------------------------------------------+
; Parameter Name ; Value ; Type                                                                      ;
+----------------+-------+---------------------------------------------------------------------------+
; N              ; 32    ; Signed Integer                                                            ;
; initvalue      ; 0     ; Signed Integer                                                            ;
+----------------+-------+---------------------------------------------------------------------------+
Note: In order to hide this table in the UI and the text report file, please set the "Show Parameter Settings in Synthesis Report" option in "Analysis and Synthesis Settings -> More Settings" to "Off".


+----------------------------------------------------------------------------------------------------+
; Parameter Settings for User Entity Instance: Register_File:REGISTER_FILE_UNIT|Register:Register_tp ;
+----------------+-------+---------------------------------------------------------------------------+
; Parameter Name ; Value ; Type                                                                      ;
+----------------+-------+---------------------------------------------------------------------------+
; N              ; 32    ; Signed Integer                                                            ;
; initvalue      ; 0     ; Signed Integer                                                            ;
+----------------+-------+---------------------------------------------------------------------------+
Note: In order to hide this table in the UI and the text report file, please set the "Show Parameter Settings in Synthesis Report" option in "Analysis and Synthesis Settings -> More Settings" to "Off".


+----------------------------------------------------------------------------------------------------+
; Parameter Settings for User Entity Instance: Register_File:REGISTER_FILE_UNIT|Register:Register_t0 ;
+----------------+-------+---------------------------------------------------------------------------+
; Parameter Name ; Value ; Type                                                                      ;
+----------------+-------+---------------------------------------------------------------------------+
; N              ; 32    ; Signed Integer                                                            ;
; initvalue      ; 0     ; Signed Integer                                                            ;
+----------------+-------+---------------------------------------------------------------------------+
Note: In order to hide this table in the UI and the text report file, please set the "Show Parameter Settings in Synthesis Report" option in "Analysis and Synthesis Settings -> More Settings" to "Off".


+----------------------------------------------------------------------------------------------------+
; Parameter Settings for User Entity Instance: Register_File:REGISTER_FILE_UNIT|Register:Register_t1 ;
+----------------+-------+---------------------------------------------------------------------------+
; Parameter Name ; Value ; Type                                                                      ;
+----------------+-------+---------------------------------------------------------------------------+
; N              ; 32    ; Signed Integer                                                            ;
; initvalue      ; 0     ; Signed Integer                                                            ;
+----------------+-------+---------------------------------------------------------------------------+
Note: In order to hide this table in the UI and the text report file, please set the "Show Parameter Settings in Synthesis Report" option in "Analysis and Synthesis Settings -> More Settings" to "Off".


+----------------------------------------------------------------------------------------------------+
; Parameter Settings for User Entity Instance: Register_File:REGISTER_FILE_UNIT|Register:Register_t2 ;
+----------------+-------+---------------------------------------------------------------------------+
; Parameter Name ; Value ; Type                                                                      ;
+----------------+-------+---------------------------------------------------------------------------+
; N              ; 32    ; Signed Integer                                                            ;
; initvalue      ; 0     ; Signed Integer                                                            ;
+----------------+-------+---------------------------------------------------------------------------+
Note: In order to hide this table in the UI and the text report file, please set the "Show Parameter Settings in Synthesis Report" option in "Analysis and Synthesis Settings -> More Settings" to "Off".


+-------------------------------------------------------------------------------------------------------+
; Parameter Settings for User Entity Instance: Register_File:REGISTER_FILE_UNIT|Register:Register_s0_fp ;
+----------------+-------+------------------------------------------------------------------------------+
; Parameter Name ; Value ; Type                                                                         ;
+----------------+-------+------------------------------------------------------------------------------+
; N              ; 32    ; Signed Integer                                                               ;
; initvalue      ; 0     ; Signed Integer                                                               ;
+----------------+-------+------------------------------------------------------------------------------+
Note: In order to hide this table in the UI and the text report file, please set the "Show Parameter Settings in Synthesis Report" option in "Analysis and Synthesis Settings -> More Settings" to "Off".


+----------------------------------------------------------------------------------------------------+
; Parameter Settings for User Entity Instance: Register_File:REGISTER_FILE_UNIT|Register:Register_s1 ;
+----------------+-------+---------------------------------------------------------------------------+
; Parameter Name ; Value ; Type                                                                      ;
+----------------+-------+---------------------------------------------------------------------------+
; N              ; 32    ; Signed Integer                                                            ;
; initvalue      ; 0     ; Signed Integer                                                            ;
+----------------+-------+---------------------------------------------------------------------------+
Note: In order to hide this table in the UI and the text report file, please set the "Show Parameter Settings in Synthesis Report" option in "Analysis and Synthesis Settings -> More Settings" to "Off".


+----------------------------------------------------------------------------------------------------+
; Parameter Settings for User Entity Instance: Register_File:REGISTER_FILE_UNIT|Register:Register_a0 ;
+----------------+-------+---------------------------------------------------------------------------+
; Parameter Name ; Value ; Type                                                                      ;
+----------------+-------+---------------------------------------------------------------------------+
; N              ; 32    ; Signed Integer                                                            ;
; initvalue      ; 0     ; Signed Integer                                                            ;
+----------------+-------+---------------------------------------------------------------------------+
Note: In order to hide this table in the UI and the text report file, please set the "Show Parameter Settings in Synthesis Report" option in "Analysis and Synthesis Settings -> More Settings" to "Off".


+----------------------------------------------------------------------------------------------------+
; Parameter Settings for User Entity Instance: Register_File:REGISTER_FILE_UNIT|Register:Register_a1 ;
+----------------+-------+---------------------------------------------------------------------------+
; Parameter Name ; Value ; Type                                                                      ;
+----------------+-------+---------------------------------------------------------------------------+
; N              ; 32    ; Signed Integer                                                            ;
; initvalue      ; 0     ; Signed Integer                                                            ;
+----------------+-------+---------------------------------------------------------------------------+
Note: In order to hide this table in the UI and the text report file, please set the "Show Parameter Settings in Synthesis Report" option in "Analysis and Synthesis Settings -> More Settings" to "Off".


+----------------------------------------------------------------------------------------------------+
; Parameter Settings for User Entity Instance: Register_File:REGISTER_FILE_UNIT|Register:Register_a2 ;
+----------------+-------+---------------------------------------------------------------------------+
; Parameter Name ; Value ; Type                                                                      ;
+----------------+-------+---------------------------------------------------------------------------+
; N              ; 32    ; Signed Integer                                                            ;
; initvalue      ; 0     ; Signed Integer                                                            ;
+----------------+-------+---------------------------------------------------------------------------+
Note: In order to hide this table in the UI and the text report file, please set the "Show Parameter Settings in Synthesis Report" option in "Analysis and Synthesis Settings -> More Settings" to "Off".


+----------------------------------------------------------------------------------------------------+
; Parameter Settings for User Entity Instance: Register_File:REGISTER_FILE_UNIT|Register:Register_a3 ;
+----------------+-------+---------------------------------------------------------------------------+
; Parameter Name ; Value ; Type                                                                      ;
+----------------+-------+---------------------------------------------------------------------------+
; N              ; 32    ; Signed Integer                                                            ;
; initvalue      ; 0     ; Signed Integer                                                            ;
+----------------+-------+---------------------------------------------------------------------------+
Note: In order to hide this table in the UI and the text report file, please set the "Show Parameter Settings in Synthesis Report" option in "Analysis and Synthesis Settings -> More Settings" to "Off".


+----------------------------------------------------------------------------------------------------+
; Parameter Settings for User Entity Instance: Register_File:REGISTER_FILE_UNIT|Register:Register_a4 ;
+----------------+-------+---------------------------------------------------------------------------+
; Parameter Name ; Value ; Type                                                                      ;
+----------------+-------+---------------------------------------------------------------------------+
; N              ; 32    ; Signed Integer                                                            ;
; initvalue      ; 0     ; Signed Integer                                                            ;
+----------------+-------+---------------------------------------------------------------------------+
Note: In order to hide this table in the UI and the text report file, please set the "Show Parameter Settings in Synthesis Report" option in "Analysis and Synthesis Settings -> More Settings" to "Off".


+----------------------------------------------------------------------------------------------------+
; Parameter Settings for User Entity Instance: Register_File:REGISTER_FILE_UNIT|Register:Register_a5 ;
+----------------+-------+---------------------------------------------------------------------------+
; Parameter Name ; Value ; Type                                                                      ;
+----------------+-------+---------------------------------------------------------------------------+
; N              ; 32    ; Signed Integer                                                            ;
; initvalue      ; 0     ; Signed Integer                                                            ;
+----------------+-------+---------------------------------------------------------------------------+
Note: In order to hide this table in the UI and the text report file, please set the "Show Parameter Settings in Synthesis Report" option in "Analysis and Synthesis Settings -> More Settings" to "Off".


+----------------------------------------------------------------------------------------------------+
; Parameter Settings for User Entity Instance: Register_File:REGISTER_FILE_UNIT|Register:Register_a6 ;
+----------------+-------+---------------------------------------------------------------------------+
; Parameter Name ; Value ; Type                                                                      ;
+----------------+-------+---------------------------------------------------------------------------+
; N              ; 32    ; Signed Integer                                                            ;
; initvalue      ; 0     ; Signed Integer                                                            ;
+----------------+-------+---------------------------------------------------------------------------+
Note: In order to hide this table in the UI and the text report file, please set the "Show Parameter Settings in Synthesis Report" option in "Analysis and Synthesis Settings -> More Settings" to "Off".


+----------------------------------------------------------------------------------------------------+
; Parameter Settings for User Entity Instance: Register_File:REGISTER_FILE_UNIT|Register:Register_a7 ;
+----------------+-------+---------------------------------------------------------------------------+
; Parameter Name ; Value ; Type                                                                      ;
+----------------+-------+---------------------------------------------------------------------------+
; N              ; 32    ; Signed Integer                                                            ;
; initvalue      ; 0     ; Signed Integer                                                            ;
+----------------+-------+---------------------------------------------------------------------------+
Note: In order to hide this table in the UI and the text report file, please set the "Show Parameter Settings in Synthesis Report" option in "Analysis and Synthesis Settings -> More Settings" to "Off".


+----------------------------------------------------------------------------------------------------+
; Parameter Settings for User Entity Instance: Register_File:REGISTER_FILE_UNIT|Register:Register_s2 ;
+----------------+-------+---------------------------------------------------------------------------+
; Parameter Name ; Value ; Type                                                                      ;
+----------------+-------+---------------------------------------------------------------------------+
; N              ; 32    ; Signed Integer                                                            ;
; initvalue      ; 0     ; Signed Integer                                                            ;
+----------------+-------+---------------------------------------------------------------------------+
Note: In order to hide this table in the UI and the text report file, please set the "Show Parameter Settings in Synthesis Report" option in "Analysis and Synthesis Settings -> More Settings" to "Off".


+----------------------------------------------------------------------------------------------------+
; Parameter Settings for User Entity Instance: Register_File:REGISTER_FILE_UNIT|Register:Register_s3 ;
+----------------+-------+---------------------------------------------------------------------------+
; Parameter Name ; Value ; Type                                                                      ;
+----------------+-------+---------------------------------------------------------------------------+
; N              ; 32    ; Signed Integer                                                            ;
; initvalue      ; 0     ; Signed Integer                                                            ;
+----------------+-------+---------------------------------------------------------------------------+
Note: In order to hide this table in the UI and the text report file, please set the "Show Parameter Settings in Synthesis Report" option in "Analysis and Synthesis Settings -> More Settings" to "Off".


+----------------------------------------------------------------------------------------------------+
; Parameter Settings for User Entity Instance: Register_File:REGISTER_FILE_UNIT|Register:Register_s4 ;
+----------------+-------+---------------------------------------------------------------------------+
; Parameter Name ; Value ; Type                                                                      ;
+----------------+-------+---------------------------------------------------------------------------+
; N              ; 32    ; Signed Integer                                                            ;
; initvalue      ; 0     ; Signed Integer                                                            ;
+----------------+-------+---------------------------------------------------------------------------+
Note: In order to hide this table in the UI and the text report file, please set the "Show Parameter Settings in Synthesis Report" option in "Analysis and Synthesis Settings -> More Settings" to "Off".


+----------------------------------------------------------------------------------------------------+
; Parameter Settings for User Entity Instance: Register_File:REGISTER_FILE_UNIT|Register:Register_s5 ;
+----------------+-------+---------------------------------------------------------------------------+
; Parameter Name ; Value ; Type                                                                      ;
+----------------+-------+---------------------------------------------------------------------------+
; N              ; 32    ; Signed Integer                                                            ;
; initvalue      ; 0     ; Signed Integer                                                            ;
+----------------+-------+---------------------------------------------------------------------------+
Note: In order to hide this table in the UI and the text report file, please set the "Show Parameter Settings in Synthesis Report" option in "Analysis and Synthesis Settings -> More Settings" to "Off".


+----------------------------------------------------------------------------------------------------+
; Parameter Settings for User Entity Instance: Register_File:REGISTER_FILE_UNIT|Register:Register_s6 ;
+----------------+-------+---------------------------------------------------------------------------+
; Parameter Name ; Value ; Type                                                                      ;
+----------------+-------+---------------------------------------------------------------------------+
; N              ; 32    ; Signed Integer                                                            ;
; initvalue      ; 0     ; Signed Integer                                                            ;
+----------------+-------+---------------------------------------------------------------------------+
Note: In order to hide this table in the UI and the text report file, please set the "Show Parameter Settings in Synthesis Report" option in "Analysis and Synthesis Settings -> More Settings" to "Off".


+----------------------------------------------------------------------------------------------------+
; Parameter Settings for User Entity Instance: Register_File:REGISTER_FILE_UNIT|Register:Register_s7 ;
+----------------+-------+---------------------------------------------------------------------------+
; Parameter Name ; Value ; Type                                                                      ;
+----------------+-------+---------------------------------------------------------------------------+
; N              ; 32    ; Signed Integer                                                            ;
; initvalue      ; 0     ; Signed Integer                                                            ;
+----------------+-------+---------------------------------------------------------------------------+
Note: In order to hide this table in the UI and the text report file, please set the "Show Parameter Settings in Synthesis Report" option in "Analysis and Synthesis Settings -> More Settings" to "Off".


+----------------------------------------------------------------------------------------------------+
; Parameter Settings for User Entity Instance: Register_File:REGISTER_FILE_UNIT|Register:Register_s8 ;
+----------------+-------+---------------------------------------------------------------------------+
; Parameter Name ; Value ; Type                                                                      ;
+----------------+-------+---------------------------------------------------------------------------+
; N              ; 32    ; Signed Integer                                                            ;
; initvalue      ; 0     ; Signed Integer                                                            ;
+----------------+-------+---------------------------------------------------------------------------+
Note: In order to hide this table in the UI and the text report file, please set the "Show Parameter Settings in Synthesis Report" option in "Analysis and Synthesis Settings -> More Settings" to "Off".


+----------------------------------------------------------------------------------------------------+
; Parameter Settings for User Entity Instance: Register_File:REGISTER_FILE_UNIT|Register:Register_s9 ;
+----------------+-------+---------------------------------------------------------------------------+
; Parameter Name ; Value ; Type                                                                      ;
+----------------+-------+---------------------------------------------------------------------------+
; N              ; 32    ; Signed Integer                                                            ;
; initvalue      ; 0     ; Signed Integer                                                            ;
+----------------+-------+---------------------------------------------------------------------------+
Note: In order to hide this table in the UI and the text report file, please set the "Show Parameter Settings in Synthesis Report" option in "Analysis and Synthesis Settings -> More Settings" to "Off".


+-----------------------------------------------------------------------------------------------------+
; Parameter Settings for User Entity Instance: Register_File:REGISTER_FILE_UNIT|Register:Register_s10 ;
+----------------+-------+----------------------------------------------------------------------------+
; Parameter Name ; Value ; Type                                                                       ;
+----------------+-------+----------------------------------------------------------------------------+
; N              ; 32    ; Signed Integer                                                             ;
; initvalue      ; 0     ; Signed Integer                                                             ;
+----------------+-------+----------------------------------------------------------------------------+
Note: In order to hide this table in the UI and the text report file, please set the "Show Parameter Settings in Synthesis Report" option in "Analysis and Synthesis Settings -> More Settings" to "Off".


+-----------------------------------------------------------------------------------------------------+
; Parameter Settings for User Entity Instance: Register_File:REGISTER_FILE_UNIT|Register:Register_s11 ;
+----------------+-------+----------------------------------------------------------------------------+
; Parameter Name ; Value ; Type                                                                       ;
+----------------+-------+----------------------------------------------------------------------------+
; N              ; 32    ; Signed Integer                                                             ;
; initvalue      ; 0     ; Signed Integer                                                             ;
+----------------+-------+----------------------------------------------------------------------------+
Note: In order to hide this table in the UI and the text report file, please set the "Show Parameter Settings in Synthesis Report" option in "Analysis and Synthesis Settings -> More Settings" to "Off".


+----------------------------------------------------------------------------------------------------+
; Parameter Settings for User Entity Instance: Register_File:REGISTER_FILE_UNIT|Register:Register_t3 ;
+----------------+-------+---------------------------------------------------------------------------+
; Parameter Name ; Value ; Type                                                                      ;
+----------------+-------+---------------------------------------------------------------------------+
; N              ; 32    ; Signed Integer                                                            ;
; initvalue      ; 0     ; Signed Integer                                                            ;
+----------------+-------+---------------------------------------------------------------------------+
Note: In order to hide this table in the UI and the text report file, please set the "Show Parameter Settings in Synthesis Report" option in "Analysis and Synthesis Settings -> More Settings" to "Off".


+----------------------------------------------------------------------------------------------------+
; Parameter Settings for User Entity Instance: Register_File:REGISTER_FILE_UNIT|Register:Register_t4 ;
+----------------+-------+---------------------------------------------------------------------------+
; Parameter Name ; Value ; Type                                                                      ;
+----------------+-------+---------------------------------------------------------------------------+
; N              ; 32    ; Signed Integer                                                            ;
; initvalue      ; 0     ; Signed Integer                                                            ;
+----------------+-------+---------------------------------------------------------------------------+
Note: In order to hide this table in the UI and the text report file, please set the "Show Parameter Settings in Synthesis Report" option in "Analysis and Synthesis Settings -> More Settings" to "Off".


+----------------------------------------------------------------------------------------------------+
; Parameter Settings for User Entity Instance: Register_File:REGISTER_FILE_UNIT|Register:Register_t5 ;
+----------------+-------+---------------------------------------------------------------------------+
; Parameter Name ; Value ; Type                                                                      ;
+----------------+-------+---------------------------------------------------------------------------+
; N              ; 32    ; Signed Integer                                                            ;
; initvalue      ; 0     ; Signed Integer                                                            ;
+----------------+-------+---------------------------------------------------------------------------+
Note: In order to hide this table in the UI and the text report file, please set the "Show Parameter Settings in Synthesis Report" option in "Analysis and Synthesis Settings -> More Settings" to "Off".


+----------------------------------------------------------------------------------------------------+
; Parameter Settings for User Entity Instance: Register_File:REGISTER_FILE_UNIT|Register:Register_t6 ;
+----------------+-------+---------------------------------------------------------------------------+
; Parameter Name ; Value ; Type                                                                      ;
+----------------+-------+---------------------------------------------------------------------------+
; N              ; 32    ; Signed Integer                                                            ;
; initvalue      ; 0     ; Signed Integer                                                            ;
+----------------+-------+---------------------------------------------------------------------------+
Note: In order to hide this table in the UI and the text report file, please set the "Show Parameter Settings in Synthesis Report" option in "Analysis and Synthesis Settings -> More Settings" to "Off".


+------------------------------------------------------------------------------------------------------------+
; Parameter Settings for User Entity Instance: Register_File:REGISTER_FILE_UNIT|MUXRegisterFile:MUXRegister1 ;
+----------------+-------+-----------------------------------------------------------------------------------+
; Parameter Name ; Value ; Type                                                                              ;
+----------------+-------+-----------------------------------------------------------------------------------+
; N              ; 32    ; Signed Integer                                                                    ;
+----------------+-------+-----------------------------------------------------------------------------------+
Note: In order to hide this table in the UI and the text report file, please set the "Show Parameter Settings in Synthesis Report" option in "Analysis and Synthesis Settings -> More Settings" to "Off".


+------------------------------------------------------------------------------------------------------------+
; Parameter Settings for User Entity Instance: Register_File:REGISTER_FILE_UNIT|MUXRegisterFile:MUXRegister2 ;
+----------------+-------+-----------------------------------------------------------------------------------+
; Parameter Name ; Value ; Type                                                                              ;
+----------------+-------+-----------------------------------------------------------------------------------+
; N              ; 32    ; Signed Integer                                                                    ;
+----------------+-------+-----------------------------------------------------------------------------------+
Note: In order to hide this table in the UI and the text report file, please set the "Show Parameter Settings in Synthesis Report" option in "Analysis and Synthesis Settings -> More Settings" to "Off".


+-----------------------------------------------------------------------------------------+
; Parameter Settings for User Entity Instance: Multiplexer_2_to_1:MUX_DATA_OR_IMM_FOR_ALU ;
+----------------+-------+----------------------------------------------------------------+
; Parameter Name ; Value ; Type                                                           ;
+----------------+-------+----------------------------------------------------------------+
; NBits          ; 32    ; Signed Integer                                                 ;
+----------------+-------+----------------------------------------------------------------+
Note: In order to hide this table in the UI and the text report file, please set the "Show Parameter Settings in Synthesis Report" option in "Analysis and Synthesis Settings -> More Settings" to "Off".


+----------------------------------------------------------------------+
; Parameter Settings for User Entity Instance: Data_Memory:Data_Memory ;
+----------------+-------+---------------------------------------------+
; Parameter Name ; Value ; Type                                        ;
+----------------+-------+---------------------------------------------+
; DATA_WIDTH     ; 32    ; Signed Integer                              ;
; MEMORY_DEPTH   ; 256   ; Signed Integer                              ;
+----------------+-------+---------------------------------------------+
Note: In order to hide this table in the UI and the text report file, please set the "Show Parameter Settings in Synthesis Report" option in "Analysis and Synthesis Settings -> More Settings" to "Off".


+-----------------------------------------------------------------------------+
; Parameter Settings for User Entity Instance: Multiplexer_2_to_1:MUX_DATA_WB ;
+----------------+-------+----------------------------------------------------+
; Parameter Name ; Value ; Type                                               ;
+----------------+-------+----------------------------------------------------+
; NBits          ; 32    ; Signed Integer                                     ;
+----------------+-------+----------------------------------------------------+
Note: In order to hide this table in the UI and the text report file, please set the "Show Parameter Settings in Synthesis Report" option in "Analysis and Synthesis Settings -> More Settings" to "Off".


+----------------------------------------------------------------------------+
; Parameter Settings for User Entity Instance: Multiplexer_2_to_1:MUX_PC_RD1 ;
+----------------+-------+---------------------------------------------------+
; Parameter Name ; Value ; Type                                              ;
+----------------+-------+---------------------------------------------------+
; NBits          ; 32    ; Signed Integer                                    ;
+----------------+-------+---------------------------------------------------+
Note: In order to hide this table in the UI and the text report file, please set the "Show Parameter Settings in Synthesis Report" option in "Analysis and Synthesis Settings -> More Settings" to "Off".


+--------------------------------------------------------------------------------------------------------------+
; Analysis & Elaboration Settings                                                                              ;
+------------------------------------------------------------------+---------------------+---------------------+
; Option                                                           ; Setting             ; Default Value       ;
+------------------------------------------------------------------+---------------------+---------------------+
; Device                                                           ; 10M50DAF484C7G      ;                     ;
; Top-level entity name                                            ; RISC_V_Single_Cycle ; RISC_V_Single_Cycle ;
; Family name                                                      ; MAX 10              ; Cyclone V           ;
; Use smart compilation                                            ; Off                 ; Off                 ;
; Enable parallel Assembler and Timing Analyzer during compilation ; On                  ; On                  ;
; Enable compact report table                                      ; Off                 ; Off                 ;
; Restructure Multiplexers                                         ; Auto                ; Auto                ;
; Create Debugging Nodes for IP Cores                              ; Off                 ; Off                 ;
; Preserve fewer node names                                        ; On                  ; On                  ;
; Intel FPGA IP Evaluation Mode                                    ; Enable              ; Enable              ;
; Verilog Version                                                  ; Verilog_2001        ; Verilog_2001        ;
; VHDL Version                                                     ; VHDL_1993           ; VHDL_1993           ;
; State Machine Processing                                         ; Auto                ; Auto                ;
; Safe State Machine                                               ; Off                 ; Off                 ;
; Extract Verilog State Machines                                   ; On                  ; On                  ;
; Extract VHDL State Machines                                      ; On                  ; On                  ;
; Ignore Verilog initial constructs                                ; Off                 ; Off                 ;
; Iteration limit for constant Verilog loops                       ; 5000                ; 5000                ;
; Iteration limit for non-constant Verilog loops                   ; 250                 ; 250                 ;
; Add Pass-Through Logic to Inferred RAMs                          ; On                  ; On                  ;
; Infer RAMs from Raw Logic                                        ; On                  ; On                  ;
; Parallel Synthesis                                               ; On                  ; On                  ;
; DSP Block Balancing                                              ; Auto                ; Auto                ;
; NOT Gate Push-Back                                               ; On                  ; On                  ;
; Power-Up Don't Care                                              ; On                  ; On                  ;
; Remove Redundant Logic Cells                                     ; Off                 ; Off                 ;
; Remove Duplicate Registers                                       ; On                  ; On                  ;
; Ignore CARRY Buffers                                             ; Off                 ; Off                 ;
; Ignore CASCADE Buffers                                           ; Off                 ; Off                 ;
; Ignore GLOBAL Buffers                                            ; Off                 ; Off                 ;
; Ignore ROW GLOBAL Buffers                                        ; Off                 ; Off                 ;
; Ignore LCELL Buffers                                             ; Off                 ; Off                 ;
; Ignore SOFT Buffers                                              ; On                  ; On                  ;
; Limit AHDL Integers to 32 Bits                                   ; Off                 ; Off                 ;
; Optimization Technique                                           ; Balanced            ; Balanced            ;
; Carry Chain Length                                               ; 70                  ; 70                  ;
; Auto Carry Chains                                                ; On                  ; On                  ;
; Auto Open-Drain Pins                                             ; On                  ; On                  ;
; Perform WYSIWYG Primitive Resynthesis                            ; Off                 ; Off                 ;
; Auto ROM Replacement                                             ; On                  ; On                  ;
; Auto RAM Replacement                                             ; On                  ; On                  ;
; Auto DSP Block Replacement                                       ; On                  ; On                  ;
; Auto Shift Register Replacement                                  ; Auto                ; Auto                ;
; Allow Shift Register Merging across Hierarchies                  ; Auto                ; Auto                ;
; Auto Clock Enable Replacement                                    ; On                  ; On                  ;
; Strict RAM Replacement                                           ; Off                 ; Off                 ;
; Allow Synchronous Control Signals                                ; On                  ; On                  ;
; Force Use of Synchronous Clear Signals                           ; Off                 ; Off                 ;
; Auto RAM Block Balancing                                         ; On                  ; On                  ;
; Auto RAM to Logic Cell Conversion                                ; Off                 ; Off                 ;
; Auto Resource Sharing                                            ; Off                 ; Off                 ;
; Allow Any RAM Size For Recognition                               ; Off                 ; Off                 ;
; Allow Any ROM Size For Recognition                               ; Off                 ; Off                 ;
; Allow Any Shift Register Size For Recognition                    ; Off                 ; Off                 ;
; Use LogicLock Constraints during Resource Balancing              ; On                  ; On                  ;
; Ignore translate_off and synthesis_off directives                ; Off                 ; Off                 ;
; Timing-Driven Synthesis                                          ; On                  ; On                  ;
; Report Parameter Settings                                        ; On                  ; On                  ;
; Report Source Assignments                                        ; On                  ; On                  ;
; Report Connectivity Checks                                       ; On                  ; On                  ;
; Ignore Maximum Fan-Out Assignments                               ; Off                 ; Off                 ;
; Synchronization Register Chain Length                            ; 2                   ; 2                   ;
; Power Optimization During Synthesis                              ; Normal compilation  ; Normal compilation  ;
; HDL message level                                                ; Level2              ; Level2              ;
; Suppress Register Optimization Related Messages                  ; Off                 ; Off                 ;
; Number of Removed Registers Reported in Synthesis Report         ; 5000                ; 5000                ;
; Number of Swept Nodes Reported in Synthesis Report               ; 5000                ; 5000                ;
; Number of Inverted Registers Reported in Synthesis Report        ; 100                 ; 100                 ;
; Clock MUX Protection                                             ; On                  ; On                  ;
; Auto Gated Clock Conversion                                      ; Off                 ; Off                 ;
; Block Design Naming                                              ; Auto                ; Auto                ;
; SDC constraint protection                                        ; Off                 ; Off                 ;
; Synthesis Effort                                                 ; Auto                ; Auto                ;
; Shift Register Replacement - Allow Asynchronous Clear Signal     ; On                  ; On                  ;
; Pre-Mapping Resynthesis Optimization                             ; Off                 ; Off                 ;
; Analysis & Synthesis Message Level                               ; Medium              ; Medium              ;
; Disable Register Merging Across Hierarchies                      ; Auto                ; Auto                ;
; Resource Aware Inference For Block RAM                           ; On                  ; On                  ;
+------------------------------------------------------------------+---------------------+---------------------+


+-------------------------------------------------------------------------------------+
; Port Connectivity Checks: "Register_File:REGISTER_FILE_UNIT|Register:Register_zero" ;
+-----------+-------+----------+------------------------------------------------------+
; Port      ; Type  ; Severity ; Details                                              ;
+-----------+-------+----------+------------------------------------------------------+
; DataInput ; Input ; Info     ; Stuck at GND                                         ;
+-----------+-------+----------+------------------------------------------------------+


+-----------------------------------------------------+
; Port Connectivity Checks: "Adder_32_Bits:PC_PLUS_4" ;
+--------------+-------+----------+-------------------+
; Port         ; Type  ; Severity ; Details           ;
+--------------+-------+----------+-------------------+
; Data1[31..3] ; Input ; Info     ; Stuck at GND      ;
; Data1[1..0]  ; Input ; Info     ; Stuck at GND      ;
; Data1[2]     ; Input ; Info     ; Stuck at VCC      ;
+--------------+-------+----------+-------------------+


+---------------------------------+
; Analysis & Elaboration Messages ;
+---------------------------------+
Info: *******************************************************************
Info: Running Quartus Prime Analysis & Elaboration
    Info: Version 20.1.1 Build 720 11/11/2020 SJ Lite Edition
    Info: Processing started: Sat Oct 30 16:45:11 2021
Info: Command: quartus_map --read_settings_files=on --write_settings_files=off RISC_V_Single_Cycle -c RISC_V_Single_Cycle --analysis_and_elaboration
Warning (18236): Number of processors has not been specified which may cause overloading on shared machines.  Set the global assignment NUM_PARALLEL_PROCESSORS in your QSF to an appropriate value for best performance.
Info (20030): Parallel compilation is enabled and will use 4 of the 4 processors detected
Info (12021): Found 1 design units, including 1 entities, in source file /projects/pf/src/xor_2_1.v
    Info (12023): Found entity 1: Xor_2_1 File: C:/PROJECTS/PF/src/Xor_2_1.v Line: 1
Info (12021): Found 1 design units, including 1 entities, in source file /projects/pf/src/risc_v_single_cycle_tb.v
    Info (12023): Found entity 1: RISC_V_Single_Cycle_TB File: C:/PROJECTS/PF/src/RISC_V_Single_Cycle_TB.v Line: 15
Info (12021): Found 1 design units, including 1 entities, in source file /projects/pf/src/risc_v_single_cycle.v
    Info (12023): Found entity 1: RISC_V_Single_Cycle File: C:/PROJECTS/PF/src/RISC_V_Single_Cycle.v Line: 20
Info (12021): Found 1 design units, including 1 entities, in source file /projects/pf/src/register_file.v
    Info (12023): Found entity 1: Register_File File: C:/PROJECTS/PF/src/Register_File.v Line: 15
Info (12021): Found 1 design units, including 1 entities, in source file /projects/pf/src/register.v
    Info (12023): Found entity 1: Register File: C:/PROJECTS/PF/src/Register.v Line: 12
Info (12021): Found 1 design units, including 1 entities, in source file /projects/pf/src/program_memory.v
    Info (12023): Found entity 1: Program_Memory File: C:/PROJECTS/PF/src/Program_Memory.v Line: 15
Info (12021): Found 1 design units, including 1 entities, in source file /projects/pf/src/pc_register.v
    Info (12023): Found entity 1: PC_Register File: C:/PROJECTS/PF/src/PC_Register.v Line: 15
Info (12021): Found 1 design units, including 1 entities, in source file /projects/pf/src/mux_register_file.v
    Info (12023): Found entity 1: MUXRegisterFile File: C:/PROJECTS/PF/src/MUX_Register_File.v Line: 2
Info (12021): Found 1 design units, including 1 entities, in source file /projects/pf/src/multiplexer_2_to_1.v
    Info (12023): Found entity 1: Multiplexer_2_to_1 File: C:/PROJECTS/PF/src/Multiplexer_2_to_1.v Line: 13
Info (12021): Found 1 design units, including 1 entities, in source file /projects/pf/src/immediate_unit.v
    Info (12023): Found entity 1: Immediate_Unit File: C:/PROJECTS/PF/src/Immediate_Unit.v Line: 14
Info (12021): Found 1 design units, including 1 entities, in source file /projects/pf/src/decoder_register_file.v
    Info (12023): Found entity 1: Decoder_Register_File File: C:/PROJECTS/PF/src/Decoder_Register_File.v Line: 12
Info (12021): Found 1 design units, including 1 entities, in source file /projects/pf/src/data_memory.v
    Info (12023): Found entity 1: Data_Memory File: C:/PROJECTS/PF/src/Data_Memory.v Line: 13
Info (12021): Found 1 design units, including 1 entities, in source file /projects/pf/src/control.v
    Info (12023): Found entity 1: Control File: C:/PROJECTS/PF/src/Control.v Line: 14
Info (12021): Found 1 design units, including 1 entities, in source file /projects/pf/src/and_2_1.v
    Info (12023): Found entity 1: And_2_1 File: C:/PROJECTS/PF/src/And_2_1.v Line: 8
Info (12021): Found 1 design units, including 1 entities, in source file /projects/pf/src/alu_control.v
    Info (12023): Found entity 1: ALU_Control File: C:/PROJECTS/PF/src/ALU_Control.v Line: 15
Info (12021): Found 1 design units, including 1 entities, in source file /projects/pf/src/alu.v
    Info (12023): Found entity 1: ALU File: C:/PROJECTS/PF/src/ALU.v Line: 17
Info (12021): Found 1 design units, including 1 entities, in source file /projects/pf/src/adder_32_bits.v
    Info (12023): Found entity 1: Adder_32_Bits File: C:/PROJECTS/PF/src/Adder_32_Bits.v Line: 13
Info (12127): Elaborating entity "RISC_V_Single_Cycle" for the top level hierarchy
Info (12128): Elaborating entity "Control" for hierarchy "Control:CONTROL_UNIT" File: C:/PROJECTS/PF/src/RISC_V_Single_Cycle.v Line: 118
Info (12128): Elaborating entity "PC_Register" for hierarchy "PC_Register:PROGRAM_COUNTER" File: C:/PROJECTS/PF/src/RISC_V_Single_Cycle.v Line: 127
Info (12128): Elaborating entity "Program_Memory" for hierarchy "Program_Memory:PROGRAM_MEMORY" File: C:/PROJECTS/PF/src/RISC_V_Single_Cycle.v Line: 138
Warning (10850): Verilog HDL warning at Program_Memory.v(34): number of words (110) in memory file does not match the number of elements in the address range [0:255] File: C:/PROJECTS/PF/src/Program_Memory.v Line: 34
Warning (10030): Net "rom.data_a" at Program_Memory.v(30) has no driver or initial value, using a default initial value '0' File: C:/PROJECTS/PF/src/Program_Memory.v Line: 30
Warning (10030): Net "rom.waddr_a" at Program_Memory.v(30) has no driver or initial value, using a default initial value '0' File: C:/PROJECTS/PF/src/Program_Memory.v Line: 30
Warning (10030): Net "rom.we_a" at Program_Memory.v(30) has no driver or initial value, using a default initial value '0' File: C:/PROJECTS/PF/src/Program_Memory.v Line: 30
Info (12128): Elaborating entity "Adder_32_Bits" for hierarchy "Adder_32_Bits:PC_PLUS_4" File: C:/PROJECTS/PF/src/RISC_V_Single_Cycle.v Line: 149
Info (12128): Elaborating entity "Multiplexer_2_to_1" for hierarchy "Multiplexer_2_to_1:MUX_Adder_PC_RS_Immediate" File: C:/PROJECTS/PF/src/RISC_V_Single_Cycle.v Line: 163
Info (12128): Elaborating entity "And_2_1" for hierarchy "And_2_1:AND_B" File: C:/PROJECTS/PF/src/RISC_V_Single_Cycle.v Line: 198
Info (12128): Elaborating entity "Xor_2_1" for hierarchy "Xor_2_1:XOR_chido" File: C:/PROJECTS/PF/src/RISC_V_Single_Cycle.v Line: 208
Info (12128): Elaborating entity "Register_File" for hierarchy "Register_File:REGISTER_FILE_UNIT" File: C:/PROJECTS/PF/src/RISC_V_Single_Cycle.v Line: 228
Info (12128): Elaborating entity "Decoder_Register_File" for hierarchy "Register_File:REGISTER_FILE_UNIT|Decoder_Register_File:DECODER_REG_FILE" File: C:/PROJECTS/PF/src/Register_File.v Line: 43
Info (12128): Elaborating entity "Register" for hierarchy "Register_File:REGISTER_FILE_UNIT|Register:Register_zero" File: C:/PROJECTS/PF/src/Register_File.v Line: 59
Info (12128): Elaborating entity "Register" for hierarchy "Register_File:REGISTER_FILE_UNIT|Register:Register_sp" File: C:/PROJECTS/PF/src/Register_File.v Line: 89
Info (12128): Elaborating entity "MUXRegisterFile" for hierarchy "Register_File:REGISTER_FILE_UNIT|MUXRegisterFile:MUXRegister1" File: C:/PROJECTS/PF/src/Register_File.v Line: 485
Info (12128): Elaborating entity "Immediate_Unit" for hierarchy "Immediate_Unit:IMM_UNIT" File: C:/PROJECTS/PF/src/RISC_V_Single_Cycle.v Line: 236
Info (12128): Elaborating entity "ALU_Control" for hierarchy "ALU_Control:ALU_CONTROL_UNIT" File: C:/PROJECTS/PF/src/RISC_V_Single_Cycle.v Line: 262
Info (12128): Elaborating entity "Data_Memory" for hierarchy "Data_Memory:Data_Memory" File: C:/PROJECTS/PF/src/RISC_V_Single_Cycle.v Line: 278
Info (12128): Elaborating entity "ALU" for hierarchy "ALU:ALU_UNIT" File: C:/PROJECTS/PF/src/RISC_V_Single_Cycle.v Line: 303
Warning (10764): Verilog HDL warning at ALU.v(58): converting signed shift amount to unsigned File: C:/PROJECTS/PF/src/ALU.v Line: 58
Warning (10764): Verilog HDL warning at ALU.v(61): converting signed shift amount to unsigned File: C:/PROJECTS/PF/src/ALU.v Line: 61
Info: Quartus Prime Analysis & Elaboration was successful. 0 errors, 7 warnings
    Info: Peak virtual memory: 4731 megabytes
    Info: Processing ended: Sat Oct 30 16:45:22 2021
    Info: Elapsed time: 00:00:11
    Info: Total CPU time (on all processors): 00:00:30


